Using pre-set license
Built from '2021.3/staging' branch; Version is '2021.3.26f1 (a16dc32e0ff2) revision 10579395'; Using compiler version '192829333'; Build Type 'Release'
OS: 'Windows 10  (10.0.19045) 64bit Professional' Language: 'es' Physical Memory: 16236 MB
BatchMode: 1, IsHumanControllingUs: 0, StartBugReporterOnCrash: 0, Is64bit: 1, IsPro: 1

COMMAND LINE ARGUMENTS:
D:\unity\2021.3.26f1\Editor\Unity.exe
-adb2
-batchMode
-noUpm
-name
AssetImportWorker1
-projectPath
D:/unity/moda
-logFile
Logs/AssetImportWorker1.log
-srvPort
52350
Successfully changed project path to: D:/unity/moda
D:/unity/moda
[UnityMemory] Configuration Parameters - Can be set up in boot.config
    "memorysetup-bucket-allocator-granularity=16"
    "memorysetup-bucket-allocator-bucket-count=8"
    "memorysetup-bucket-allocator-block-size=33554432"
    "memorysetup-bucket-allocator-block-count=8"
    "memorysetup-main-allocator-block-size=16777216"
    "memorysetup-thread-allocator-block-size=16777216"
    "memorysetup-gfx-main-allocator-block-size=16777216"
    "memorysetup-gfx-thread-allocator-block-size=16777216"
    "memorysetup-cache-allocator-block-size=4194304"
    "memorysetup-typetree-allocator-block-size=2097152"
    "memorysetup-profiler-bucket-allocator-granularity=16"
    "memorysetup-profiler-bucket-allocator-bucket-count=8"
    "memorysetup-profiler-bucket-allocator-block-size=33554432"
    "memorysetup-profiler-bucket-allocator-block-count=8"
    "memorysetup-profiler-allocator-block-size=16777216"
    "memorysetup-profiler-editor-allocator-block-size=1048576"
    "memorysetup-temp-allocator-size-main=16777216"
    "memorysetup-job-temp-allocator-block-size=2097152"
    "memorysetup-job-temp-allocator-block-size-background=1048576"
    "memorysetup-job-temp-allocator-reduction-small-platforms=262144"
    "memorysetup-temp-allocator-size-background-worker=32768"
    "memorysetup-temp-allocator-size-job-worker=262144"
    "memorysetup-temp-allocator-size-preload-manager=33554432"
    "memorysetup-temp-allocator-size-nav-mesh-worker=65536"
    "memorysetup-temp-allocator-size-audio-worker=65536"
    "memorysetup-temp-allocator-size-cloud-worker=32768"
    "memorysetup-temp-allocator-size-gi-baking-worker=262144"
    "memorysetup-temp-allocator-size-gfx=262144"
Player connection [24040] Host "[IP] 192.168.1.2 [Port] 0 [Flags] 2 [Guid] 2009768440 [EditorId] 2009768440 [Version] 1048832 [Id] WindowsEditor(7,DESKTOP-SNBDK4G) [Debug] 1 [PackageName] WindowsEditor [ProjectName] Editor" joined multi-casting on [225.0.0.222:54997]...

Player connection [24040] Host "[IP] 192.168.1.2 [Port] 0 [Flags] 2 [Guid] 2009768440 [EditorId] 2009768440 [Version] 1048832 [Id] WindowsEditor(7,DESKTOP-SNBDK4G) [Debug] 1 [PackageName] WindowsEditor [ProjectName] Editor" joined alternative multi-casting on [225.0.0.222:34997]...

Refreshing native plugins compatible for Editor in 64.19 ms, found 3 plugins.
Preloading 0 native plugins for Editor in 0.00 ms.
Initialize engine version: 2021.3.26f1 (a16dc32e0ff2)
[Subsystems] Discovering subsystems at path D:/unity/2021.3.26f1/Editor/Data/Resources/UnitySubsystems
[Subsystems] Discovering subsystems at path D:/unity/moda/Assets
GfxDevice: creating device client; threaded=0; jobified=0
Direct3D:
    Version:  Direct3D 11.0 [level 11.1]
    Renderer: NVIDIA GeForce GTX 1650 (ID=0x1f82)
    Vendor:   NVIDIA
    VRAM:     3949 MB
    Driver:   31.0.15.3203
Initialize mono
Mono path[0] = 'D:/unity/2021.3.26f1/Editor/Data/Managed'
Mono path[1] = 'D:/unity/2021.3.26f1/Editor/Data/MonoBleedingEdge/lib/mono/unityjit-win32'
Mono config path = 'D:/unity/2021.3.26f1/Editor/Data/MonoBleedingEdge/etc'
Using monoOptions --debugger-agent=transport=dt_socket,embedding=1,server=y,suspend=n,address=127.0.0.1:56436
Begin MonoManager ReloadAssembly
Registering precompiled unity dll's ...
Register platform support module: D:/unity/2021.3.26f1/Editor/Data/PlaybackEngines/WindowsStandaloneSupport/UnityEditor.WindowsStandalone.Extensions.dll
Registered in 0.002007 seconds.
Native extension for WindowsStandalone target not found
Refreshing native plugins compatible for Editor in 59.95 ms, found 3 plugins.
Preloading 0 native plugins for Editor in 0.00 ms.
Mono: successfully reloaded assembly
- Completed reload, in  0.512 seconds
Domain Reload Profiling:
	ReloadAssembly (512ms)
		BeginReloadAssembly (80ms)
			ExecutionOrderSort (0ms)
			DisableScriptedObjects (0ms)
			BackupInstance (0ms)
			ReleaseScriptingObjects (0ms)
			CreateAndSetChildDomain (1ms)
		EndReloadAssembly (354ms)
			LoadAssemblies (80ms)
			RebuildTransferFunctionScriptingTraits (0ms)
			SetupTypeCache (87ms)
			ReleaseScriptCaches (0ms)
			RebuildScriptCaches (24ms)
			SetupLoadedEditorAssemblies (203ms)
				LogAssemblyErrors (0ms)
				InitializePlatformSupportModulesInManaged (5ms)
				SetLoadedEditorAssemblies (0ms)
				RefreshPlugins (60ms)
				BeforeProcessingInitializeOnLoad (1ms)
				ProcessInitializeOnLoadAttributes (101ms)
				ProcessInitializeOnLoadMethodAttributes (36ms)
				AfterProcessingInitializeOnLoad (0ms)
				EditorAssembliesLoaded (0ms)
			ExecutionOrderSort2 (0ms)
			AwakeInstancesAfterBackupRestoration (0ms)
Platform modules already initialized, skipping
Registering precompiled user dll's ...
Registered in 0.003166 seconds.
Begin MonoManager ReloadAssembly
Symbol file LoadedFromMemory doesn't match image D:\unity\moda\Library\PackageCache\com.unity.visualscripting@1.8.0\Editor\VisualScripting.Core\Dependencies\YamlDotNet\Unity.VisualScripting.YamlDotNet.dll
Symbol file LoadedFromMemory doesn't match image D:\unity\moda\Library\PackageCache\com.unity.visualscripting@1.8.0\Editor\VisualScripting.Core\Dependencies\DotNetZip\Unity.VisualScripting.IonicZip.dll
Native extension for WindowsStandalone target not found
Refreshing native plugins compatible for Editor in 0.46 ms, found 3 plugins.
Preloading 0 native plugins for Editor in 0.00 ms.
Mono: successfully reloaded assembly
- Completed reload, in  0.805 seconds
Domain Reload Profiling:
	ReloadAssembly (806ms)
		BeginReloadAssembly (104ms)
			ExecutionOrderSort (0ms)
			DisableScriptedObjects (4ms)
			BackupInstance (0ms)
			ReleaseScriptingObjects (0ms)
			CreateAndSetChildDomain (18ms)
		EndReloadAssembly (623ms)
			LoadAssemblies (79ms)
			RebuildTransferFunctionScriptingTraits (0ms)
			SetupTypeCache (206ms)
			ReleaseScriptCaches (0ms)
			RebuildScriptCaches (40ms)
			SetupLoadedEditorAssemblies (281ms)
				LogAssemblyErrors (0ms)
				InitializePlatformSupportModulesInManaged (3ms)
				SetLoadedEditorAssemblies (0ms)
				RefreshPlugins (1ms)
				BeforeProcessingInitializeOnLoad (54ms)
				ProcessInitializeOnLoadAttributes (203ms)
				ProcessInitializeOnLoadMethodAttributes (18ms)
				AfterProcessingInitializeOnLoad (2ms)
				EditorAssembliesLoaded (0ms)
			ExecutionOrderSort2 (0ms)
			AwakeInstancesAfterBackupRestoration (5ms)
Platform modules already initialized, skipping
========================================================================
Worker process is ready to serve import requests
Launched and connected shader compiler UnityShaderCompiler.exe after 0.13 seconds
Refreshing native plugins compatible for Editor in 0.46 ms, found 3 plugins.
Preloading 0 native plugins for Editor in 0.00 ms.
Unloading 3051 Unused Serialized files (Serialized files now loaded: 0)
Unloading 22 unused Assets / (56.1 KB). Loaded Objects now: 3513.
Memory consumption went from 107.6 MB to 107.5 MB.
Total: 2.568400 ms (FindLiveObjects: 0.210800 ms CreateObjectMapping: 0.118500 ms MarkObjects: 2.174600 ms  DeleteObjects: 0.063800 ms)

AssetImportParameters requested are different than current active one (requested -> active):
  custom:video-decoder-ogg-theora: a1e56fd34408186e4bbccfd4996cb3dc -> 
  custom:container-muxer-webm: aa71ff27fc2769a1b78a27578f13a17b -> 
  custom:container-demuxer-webm: 4f35f7cbe854078d1ac9338744f61a02 -> 
  custom:video-encoder-webm-vp8: eb34c28f22e8b96e1ab97ce403110664 -> 
  custom:audio-encoder-webm-vorbis: bf7c407c2cedff20999df2af8eb42d56 -> 
  custom:framework-win-MediaFoundation: 216162199b28c13a410421893ffa2e32 -> 
  custom:container-demuxer-ogg: 62fdf1f143b41e24485cea50d1cbac27 -> 
  custom:video-decoder-webm-vp8: 9c59270c3fd7afecdb556c50c9e8de78 -> 
  custom:audio-decoder-ogg-vorbis: bf7c407c2cedff20999df2af8eb42d56 -> 
========================================================================
Received Import Request.
  Time since last request: 14979.027626 seconds.
  path: Assets/Geopipe/Pack01/NYBlock01/Materials/East46thStreet.mat
  artifactKey: Guid(61fb9b69dced946fcab168df884b45e2) Importer(815301076,1909f56bfc062723c751e8b465ee728b)
Start importing Assets/Geopipe/Pack01/NYBlock01/Materials/East46thStreet.mat using Guid(61fb9b69dced946fcab168df884b45e2) Importer(815301076,1909f56bfc062723c751e8b465ee728b)  -> (artifact id: 'bd79d9dcee6ff96b75df726dea45f647') in 2.267332 seconds 
========================================================================
Received Import Request.
  Time since last request: 0.000023 seconds.
  path: Assets/Geopipe/Pack01/NYBlock01/Models/building-0-0-16.dae
  artifactKey: Guid(7ed3e3b06f4024820a52acce499028ba) Importer(815301076,1909f56bfc062723c751e8b465ee728b)
Start importing Assets/Geopipe/Pack01/NYBlock01/Models/building-0-0-16.dae using Guid(7ed3e3b06f4024820a52acce499028ba) Importer(815301076,1909f56bfc062723c751e8b465ee728b)  -> (artifact id: 'b863549e616127c13266a954436fdb5c') in 1.546485 seconds 
========================================================================
Received Import Request.
  Time since last request: 0.000025 seconds.
  path: Assets/Geopipe/Pack01/NYBlock01/Materials/5thAvenue.mat
  artifactKey: Guid(a72899224756d4bfc8e4ae6a285efc20) Importer(815301076,1909f56bfc062723c751e8b465ee728b)
Start importing Assets/Geopipe/Pack01/NYBlock01/Materials/5thAvenue.mat using Guid(a72899224756d4bfc8e4ae6a285efc20) Importer(815301076,1909f56bfc062723c751e8b465ee728b)  -> (artifact id: '7246759570b2fb89cad386b1bbbc4563') in 0.072465 seconds 
========================================================================
Received Import Request.
  Time since last request: 0.000014 seconds.
  path: Assets/Geopipe/Pack01/NYBlock01/Models/building-0-0-12.dae
  artifactKey: Guid(fadd5b90e2a82427a9c2eb4e4b9f016e) Importer(815301076,1909f56bfc062723c751e8b465ee728b)
Start importing Assets/Geopipe/Pack01/NYBlock01/Models/building-0-0-12.dae using Guid(fadd5b90e2a82427a9c2eb4e4b9f016e) Importer(815301076,1909f56bfc062723c751e8b465ee728b)  -> (artifact id: '868a26ddda482e3231651920fe6dd908') in 0.063766 seconds 
========================================================================
Received Import Request.
  Time since last request: 0.000020 seconds.
  path: Assets/Geopipe/Pack01/NYBlock01/Materials/East55thStreet.mat
  artifactKey: Guid(e4697a60b00574457b85289447f22db4) Importer(815301076,1909f56bfc062723c751e8b465ee728b)
Start importing Assets/Geopipe/Pack01/NYBlock01/Materials/East55thStreet.mat using Guid(e4697a60b00574457b85289447f22db4) Importer(815301076,1909f56bfc062723c751e8b465ee728b)  -> (artifact id: 'ac1af68edcd751c5b82d6dc328c98248') in 0.022943 seconds 
========================================================================
Received Import Request.
  Time since last request: 0.000017 seconds.
  path: Assets/Geopipe/Pack01/NYBlock01/Models/building-0-0-36.dae
  artifactKey: Guid(178d937264d374f48b49922c1d51efc9) Importer(815301076,1909f56bfc062723c751e8b465ee728b)
Start importing Assets/Geopipe/Pack01/NYBlock01/Models/building-0-0-36.dae using Guid(178d937264d374f48b49922c1d51efc9) Importer(815301076,1909f56bfc062723c751e8b465ee728b)  -> (artifact id: '1011ea80694350261b4659694f545018') in 0.058748 seconds 
========================================================================
Received Import Request.
  Time since last request: 0.000018 seconds.
  path: Assets/Geopipe
  artifactKey: Guid(7d3a141524cdf35499e068e51ee1b2d4) Importer(815301076,1909f56bfc062723c751e8b465ee728b)
Start importing Assets/Geopipe using Guid(7d3a141524cdf35499e068e51ee1b2d4) Importer(815301076,1909f56bfc062723c751e8b465ee728b)  -> (artifact id: '5cca228a8829b3c9d47330a8ddf45233') in 0.009382 seconds 
========================================================================
Received Import Request.
  Time since last request: 0.000042 seconds.
  path: Assets/Geopipe/Pack01/NYBlock01/Models/building-0-0-0.dae
  artifactKey: Guid(92e729fc033fc4317bd506a9bb956011) Importer(815301076,1909f56bfc062723c751e8b465ee728b)
Start importing Assets/Geopipe/Pack01/NYBlock01/Models/building-0-0-0.dae using Guid(92e729fc033fc4317bd506a9bb956011) Importer(815301076,1909f56bfc062723c751e8b465ee728b)  -> (artifact id: '2427dfff3fa707e5ff739acd8cd365d5') in 0.088955 seconds 
========================================================================
Received Import Request.
  Time since last request: 0.000016 seconds.
  path: Assets/Geopipe/Pack01/NYBlock01/Models/building-0-0-29.dae
  artifactKey: Guid(e0ab79c9f53a14718b17459c09bbab5d) Importer(815301076,1909f56bfc062723c751e8b465ee728b)
Start importing Assets/Geopipe/Pack01/NYBlock01/Models/building-0-0-29.dae using Guid(e0ab79c9f53a14718b17459c09bbab5d) Importer(815301076,1909f56bfc062723c751e8b465ee728b)  -> (artifact id: '5f22bfec3e61d38c1f3ba66d85fbfc13') in 0.031689 seconds 
========================================================================
Received Import Request.
  Time since last request: 0.000015 seconds.
  path: Assets/Geopipe/Pack01/NYBlock01/Models/building-0-0-1.dae
  artifactKey: Guid(33f028b242c464458a74a1930e0b0be1) Importer(815301076,1909f56bfc062723c751e8b465ee728b)
Start importing Assets/Geopipe/Pack01/NYBlock01/Models/building-0-0-1.dae using Guid(33f028b242c464458a74a1930e0b0be1) Importer(815301076,1909f56bfc062723c751e8b465ee728b)  -> (artifact id: '8e53fc8bdb7b85aa62c5085ad4b3bfe1') in 0.037778 seconds 
========================================================================
Received Import Request.
  Time since last request: 0.000025 seconds.
  path: Assets/Geopipe/Pack01/NYBlock01/Models/building-0-0-6.dae
  artifactKey: Guid(a5c3f72ab2885481ea339d2f19a1b7f4) Importer(815301076,1909f56bfc062723c751e8b465ee728b)
Start importing Assets/Geopipe/Pack01/NYBlock01/Models/building-0-0-6.dae using Guid(a5c3f72ab2885481ea339d2f19a1b7f4) Importer(815301076,1909f56bfc062723c751e8b465ee728b)  -> (artifact id: 'e769ab0bbabcc1aafa87e360f7529205') in 0.037793 seconds 
========================================================================
Received Import Request.
  Time since last request: 0.000017 seconds.
  path: Assets/Geopipe/Pack01/NYBlock01/Materials/collection_box_diffuse2k.mat
  artifactKey: Guid(5be9689cc8ef244b4be4035c5916059a) Importer(815301076,1909f56bfc062723c751e8b465ee728b)
Start importing Assets/Geopipe/Pack01/NYBlock01/Materials/collection_box_diffuse2k.mat using Guid(5be9689cc8ef244b4be4035c5916059a) Importer(815301076,1909f56bfc062723c751e8b465ee728b)  -> (artifact id: '186e463696c08b99248c410121cda03b') in 0.179860 seconds 
========================================================================
Received Import Request.
  Time since last request: 0.000018 seconds.
  path: Assets/Geopipe/Pack01/NYBlock01/Materials/6thAvenue.mat
  artifactKey: Guid(44ce34aa01e7a4741aef155e64730f9f) Importer(815301076,1909f56bfc062723c751e8b465ee728b)
Start importing Assets/Geopipe/Pack01/NYBlock01/Materials/6thAvenue.mat using Guid(44ce34aa01e7a4741aef155e64730f9f) Importer(815301076,1909f56bfc062723c751e8b465ee728b)  -> (artifact id: 'a895d3c4d0bec83019def201116cff19') in 0.015446 seconds 
========================================================================
Received Import Request.
  Time since last request: 0.000033 seconds.
  path: Assets/Geopipe/Pack01/NYBlock01/Materials/bus_stop0materialt10gpc62ci6en.mat
  artifactKey: Guid(05bc11934addf42c1a50659539504fce) Importer(815301076,1909f56bfc062723c751e8b465ee728b)
Start importing Assets/Geopipe/Pack01/NYBlock01/Materials/bus_stop0materialt10gpc62ci6en.mat using Guid(05bc11934addf42c1a50659539504fce) Importer(815301076,1909f56bfc062723c751e8b465ee728b)  -> (artifact id: '71cdd2f86271b762d3e42d1ce662de51') in 0.016541 seconds 
========================================================================
Received Import Request.
  Time since last request: 0.000019 seconds.
  path: Assets/Geopipe/Pack01/NYBlock01/NYBlock01.prefab
  artifactKey: Guid(b47b31f11a2f04aa8a610f4c61cd74c1) Importer(815301076,1909f56bfc062723c751e8b465ee728b)
Start importing Assets/Geopipe/Pack01/NYBlock01/NYBlock01.prefab using Guid(b47b31f11a2f04aa8a610f4c61cd74c1) Importer(815301076,1909f56bfc062723c751e8b465ee728b)  -> (artifact id: '63396ac3c681271105b144d0638c06ee') in 2.228912 seconds 
========================================================================
Received Import Request.
  Time since last request: 2.877590 seconds.
  path: Assets/Geopipe/Pack01/NYBlock01/Textures/6thAvenue.png
  artifactKey: Guid(081e55018e34b4442bc9e37e2cc7b46a) Importer(815301076,1909f56bfc062723c751e8b465ee728b)
Start importing Assets/Geopipe/Pack01/NYBlock01/Textures/6thAvenue.png using Guid(081e55018e34b4442bc9e37e2cc7b46a) Importer(815301076,1909f56bfc062723c751e8b465ee728b)  -> (artifact id: '2d9d9321c6b9b2e1a1e6deb316fc88aa') in 0.552188 seconds 
========================================================================
Received Import Request.
  Time since last request: 0.000022 seconds.
  path: Assets/Geopipe/Pack01/NYBlock01/Textures/facade_brick_4_normal_1024.png
  artifactKey: Guid(37671086d46b04199a59df0911db7697) Importer(815301076,1909f56bfc062723c751e8b465ee728b)
Start importing Assets/Geopipe/Pack01/NYBlock01/Textures/facade_brick_4_normal_1024.png using Guid(37671086d46b04199a59df0911db7697) Importer(815301076,1909f56bfc062723c751e8b465ee728b)  -> (artifact id: 'c67f9c706d1043cefa4883e82f41a5c7') in 0.225194 seconds 
========================================================================
Received Import Request.
  Time since last request: 0.000036 seconds.
  path: Assets/Geopipe/Pack01/NYBlock01/Textures/facade_brick_3_specularGlossiness_1024.png
  artifactKey: Guid(7d85afbc133ac4573835e2f39f35dcd2) Importer(815301076,1909f56bfc062723c751e8b465ee728b)
Start importing Assets/Geopipe/Pack01/NYBlock01/Textures/facade_brick_3_specularGlossiness_1024.png using Guid(7d85afbc133ac4573835e2f39f35dcd2) Importer(815301076,1909f56bfc062723c751e8b465ee728b)  -> (artifact id: 'b79c1011b70e4bcd6d59c7d74a59ed9c') in 0.016240 seconds 
========================================================================
Received Import Request.
  Time since last request: 0.000015 seconds.
  path: Assets/Geopipe/Pack01/NYBlock01/Textures/facade_brick_3_normal_1024.png
  artifactKey: Guid(8f14181cade7c4636beb76441b967682) Importer(815301076,1909f56bfc062723c751e8b465ee728b)
Start importing Assets/Geopipe/Pack01/NYBlock01/Textures/facade_brick_3_normal_1024.png using Guid(8f14181cade7c4636beb76441b967682) Importer(815301076,1909f56bfc062723c751e8b465ee728b)  -> (artifact id: '1a7a982709766f3312427363b82f80fe') in 0.016555 seconds 
========================================================================
Received Import Request.
  Time since last request: 0.000021 seconds.
  path: Assets/Geopipe/Pack01/NYBlock01/Textures/East47thStreet.png
  artifactKey: Guid(5c6c9074f8eb94dcdb71bac4b29d7e74) Importer(815301076,1909f56bfc062723c751e8b465ee728b)
Start importing Assets/Geopipe/Pack01/NYBlock01/Textures/East47thStreet.png using Guid(5c6c9074f8eb94dcdb71bac4b29d7e74) Importer(815301076,1909f56bfc062723c751e8b465ee728b)  -> (artifact id: '06f30a0dc993db5d5e59870ced6e80c7') in 0.040678 seconds 
========================================================================
Received Import Request.
  Time since last request: 0.000029 seconds.
  path: Assets/Geopipe/Pack01/NYBlock01/Textures/7thAvenue.png
  artifactKey: Guid(8dd14bb07d29a44b8b22a1cd23f837de) Importer(815301076,1909f56bfc062723c751e8b465ee728b)
Start importing Assets/Geopipe/Pack01/NYBlock01/Textures/7thAvenue.png using Guid(8dd14bb07d29a44b8b22a1cd23f837de) Importer(815301076,1909f56bfc062723c751e8b465ee728b)  -> (artifact id: '157639dbdf66c77eb4b3ca02940dbf2e') in 0.012526 seconds 
========================================================================
Received Import Request.
  Time since last request: 0.000013 seconds.
  path: Assets/Geopipe/Pack01/NYBlock01/Textures/facade_brick_2_specularGlossiness_1024.png
  artifactKey: Guid(8baeabe5f89b245b89ac65db31623460) Importer(815301076,1909f56bfc062723c751e8b465ee728b)
Start importing Assets/Geopipe/Pack01/NYBlock01/Textures/facade_brick_2_specularGlossiness_1024.png using Guid(8baeabe5f89b245b89ac65db31623460) Importer(815301076,1909f56bfc062723c751e8b465ee728b)  -> (artifact id: '97fb6ae6362d32151dc94cec67b9d796') in 0.049896 seconds 
========================================================================
Received Import Request.
  Time since last request: 0.000020 seconds.
  path: Assets/Geopipe/Pack01/NYBlock01/Textures/East53rdStreet.png
  artifactKey: Guid(7932d334d12e6489993da547b897af1d) Importer(815301076,1909f56bfc062723c751e8b465ee728b)
Start importing Assets/Geopipe/Pack01/NYBlock01/Textures/East53rdStreet.png using Guid(7932d334d12e6489993da547b897af1d) Importer(815301076,1909f56bfc062723c751e8b465ee728b)  -> (artifact id: '194934a9cfe5ab7ca0a8aff9b2477cf7') in 0.014066 seconds 
========================================================================
Received Import Request.
  Time since last request: 0.000023 seconds.
  path: Assets/Geopipe/Pack01/NYBlock01/Textures/facade_brick_1_normal_1024.png
  artifactKey: Guid(ad7b8dacba79c4021a434549565ab49d) Importer(815301076,1909f56bfc062723c751e8b465ee728b)
Start importing Assets/Geopipe/Pack01/NYBlock01/Textures/facade_brick_1_normal_1024.png using Guid(ad7b8dacba79c4021a434549565ab49d) Importer(815301076,1909f56bfc062723c751e8b465ee728b)  -> (artifact id: '12833100cc2e27039719814de3637885') in 0.021494 seconds 
========================================================================
Received Import Request.
  Time since last request: 0.000018 seconds.
  path: Assets/Geopipe/Pack01/NYBlock01/Textures/East46thStreet.png
  artifactKey: Guid(c98d0e8f7aeb34ba28b48dc0afb628a5) Importer(815301076,1909f56bfc062723c751e8b465ee728b)
Start importing Assets/Geopipe/Pack01/NYBlock01/Textures/East46thStreet.png using Guid(c98d0e8f7aeb34ba28b48dc0afb628a5) Importer(815301076,1909f56bfc062723c751e8b465ee728b)  -> (artifact id: '4e9d7fa573588e7f728bf3436d1db2cb') in 0.016198 seconds 
========================================================================
Received Import Request.
  Time since last request: 0.000011 seconds.
  path: Assets/Geopipe/Pack01/NYBlock01/Textures/East50thStreet.png
  artifactKey: Guid(3c6a9cc541b4e4ed7886f99eea80b4ed) Importer(815301076,1909f56bfc062723c751e8b465ee728b)
Start importing Assets/Geopipe/Pack01/NYBlock01/Textures/East50thStreet.png using Guid(3c6a9cc541b4e4ed7886f99eea80b4ed) Importer(815301076,1909f56bfc062723c751e8b465ee728b)  -> (artifact id: 'e41b714f59f5ff28de4d6102fda0cc9c') in 0.022858 seconds 
========================================================================
Received Import Request.
  Time since last request: 0.000015 seconds.
  path: Assets/Geopipe/Pack01/NYBlock01/Textures/East44thStreet.png
  artifactKey: Guid(1e3415c0322dc4ca2afd5c48fdb1719f) Importer(815301076,1909f56bfc062723c751e8b465ee728b)
Start importing Assets/Geopipe/Pack01/NYBlock01/Textures/East44thStreet.png using Guid(1e3415c0322dc4ca2afd5c48fdb1719f) Importer(815301076,1909f56bfc062723c751e8b465ee728b)  -> (artifact id: 'e79416c1d304c6125e500070fc1abc8f') in 0.023257 seconds 
Editor requested this worker to shutdown with reason: Scaling down because of idle timeout
AssetImportWorker is now disconnected from the server
Process exiting
Exiting without the bug reporter. Application will terminate with return code 0